0 info it worked if it ends with ok
1 verbose cli [ '/usr/bin/node', '/usr/bin/npm', 'start' ]
2 info using npm@3.10.8
3 info using node@v6.7.0
4 verbose run-script [ 'prestart', 'start', 'poststart' ]
5 info lifecycle websocket-exercise@1.0.0~prestart: websocket-exercise@1.0.0
6 silly lifecycle websocket-exercise@1.0.0~prestart: no script for prestart, continuing
7 info lifecycle websocket-exercise@1.0.0~start: websocket-exercise@1.0.0
8 verbose lifecycle websocket-exercise@1.0.0~start: unsafe-perm in lifecycle true
9 verbose lifecycle websocket-exercise@1.0.0~start: PATH: /usr/lib/node_modules/npm/bin/node-gyp-bin:/home/wind/workspaces/front-end/websocket-exercise/node_modules/.bin:/home/wind/.bin:/home/wind/.gem/ruby/2.3.0/bin:/opt/activator-dist-1.3.10/bin:/opt/jdk1.8.0_66/bin:/opt/apache-maven-3.3.3/bin:/opt/nwjs:/usr/local/bin:/usr/local/nginx/sbin:/opt/PacketSender-Linux/PacketSender-5.1:/home/wind/.bin:/home/wind/.gem/ruby/2.3.0/bin:/opt/activator-dist-1.3.10/bin:/opt/jdk1.8.0_66/bin:/opt/apache-maven-3.3.3/bin:/opt/nwjs:/usr/local/bin:/usr/local/nginx/sbin:/opt/scala/scala-2.11.8//bin:/usr/local/sbin:/usr/local/bin:/usr/bin:/opt/jdk1.7.0_80/bin:/usr/lib/jvm/default/bin:/usr/bin/site_perl:/usr/bin/vendor_perl:/usr/bin/core_perl:/opt/staruml/
10 verbose lifecycle websocket-exercise@1.0.0~start: CWD: /home/wind/workspaces/front-end/websocket-exercise
11 silly lifecycle websocket-exercise@1.0.0~start: Args: [ '-c', 'node index.js' ]
12 silly lifecycle websocket-exercise@1.0.0~start: Returned: code: 1  signal: null
13 info lifecycle websocket-exercise@1.0.0~start: Failed to exec start script
14 verbose stack Error: websocket-exercise@1.0.0 start: `node index.js`
14 verbose stack Exit status 1
14 verbose stack     at EventEmitter.<anonymous> (/usr/lib/node_modules/npm/lib/utils/lifecycle.js:255:16)
14 verbose stack     at emitTwo (events.js:106:13)
14 verbose stack     at EventEmitter.emit (events.js:191:7)
14 verbose stack     at ChildProcess.<anonymous> (/usr/lib/node_modules/npm/lib/utils/spawn.js:40:14)
14 verbose stack     at emitTwo (events.js:106:13)
14 verbose stack     at ChildProcess.emit (events.js:191:7)
14 verbose stack     at maybeClose (internal/child_process.js:877:16)
14 verbose stack     at Process.ChildProcess._handle.onexit (internal/child_process.js:226:5)
15 verbose pkgid websocket-exercise@1.0.0
16 verbose cwd /home/wind/workspaces/front-end/websocket-exercise
17 error Linux 4.7.6-1-ARCH
18 error argv "/usr/bin/node" "/usr/bin/npm" "start"
19 error node v6.7.0
20 error npm  v3.10.8
21 error code ELIFECYCLE
22 error websocket-exercise@1.0.0 start: `node index.js`
22 error Exit status 1
23 error Failed at the websocket-exercise@1.0.0 start script 'node index.js'.
23 error Make sure you have the latest version of node.js and npm installed.
23 error If you do, this is most likely a problem with the websocket-exercise package,
23 error not with npm itself.
23 error Tell the author that this fails on your system:
23 error     node index.js
23 error You can get information on how to open an issue for this project with:
23 error     npm bugs websocket-exercise
23 error Or if that isn't available, you can get their info via:
23 error     npm owner ls websocket-exercise
23 error There is likely additional logging output above.
24 verbose exit [ 1, true ]
